11:12:25.127 [main] INFO  testCases.TC_001_WebDevelopmentTest - Scrolled Till The Heading Beside of Input Boxes
11:12:31.513 [main] INFO  testCases.TC_001_WebDevelopmentTest - Successfully Printed Message of Invalid Email Address
11:12:31.513 [main] INFO  testCases.TC_001_WebDevelopmentTest - **** Finishing TC_003_ForEnterpriseTest ****
11:17:19.740 [main] INFO  factory.CucumberBaseClass - ***** Url has been Successfully Opened *****
11:17:20.618 [main] INFO  factory.CucumberBaseClass - Navigated to Coursera Home Page
11:17:24.648 [main] INFO  factory.CucumberBaseClass - Successfully entered Web Development course
11:18:00.899 [main] INFO  factory.CucumberBaseClass - Clicked the Search Button
11:18:01.416 [main] INFO  factory.CucumberBaseClass - Scrolled till the Subject checkbox
11:18:02.006 [main] INFO  factory.CucumberBaseClass - Successfully clicked the English Language
11:18:03.844 [main] INFO  factory.CucumberBaseClass - Scrolled till the Specific chechbox
11:18:04.659 [main] INFO  factory.CucumberBaseClass - Successfully clicked the Beginner level
11:18:04.940 [main] INFO  factory.CucumberBaseClass - Scrolled till the Filter Heading
11:18:06.989 [main] INFO  factory.CucumberBaseClass - Successfully verified and Clicked Course one
11:18:07.604 [main] INFO  factory.CucumberBaseClass - Navigated to the child page
11:18:43.890 [main] INFO  factory.CucumberBaseClass - Successfully verified Rating one
11:18:44.219 [main] INFO  factory.CucumberBaseClass - Successfully verified Duration One
11:18:44.394 [main] INFO  factory.CucumberBaseClass - Navigated to the parent page
11:18:45.621 [main] INFO  factory.CucumberBaseClass - Successfully verified the Second Course and Clicked it
11:18:46.824 [main] INFO  factory.CucumberBaseClass - Navigated to the child page
11:19:22.955 [main] INFO  factory.CucumberBaseClass - Scrolled till the Financial Heading
11:19:23.223 [main] INFO  factory.CucumberBaseClass - Successfully verified the Rating Two
11:19:23.760 [main] INFO  factory.CucumberBaseClass - Successfully verified the Duration Two
11:19:23.923 [main] INFO  factory.CucumberBaseClass - Navigated to the Parent page
11:19:26.888 [main] INFO  factory.CucumberBaseClass - ***** Url has been Successfully Closed *****
11:19:45.524 [main] INFO  factory.CucumberBaseClass - ***** Url has been Successfully Opened *****
11:19:46.084 [main] INFO  factory.CucumberBaseClass - ***** Test Case Two Started successfully *****
11:20:18.754 [main] INFO  factory.CucumberBaseClass - New Course Name has been entered in the SearchBox
11:20:19.071 [main] INFO  factory.CucumberBaseClass - Successfully clicked the Search Button
11:20:21.193 [main] INFO  factory.CucumberBaseClass - Scrolled till the Science checkbox
11:20:22.117 [main] INFO  factory.CucumberBaseClass - Successfully clicked the Show More option in Languages
11:20:23.137 [main] INFO  factory.CucumberBaseClass - UnCheched the English checkbox
11:20:27.599 [main] INFO  factory.CucumberBaseClass - Successfully verified and print all the Languages
11:20:27.796 [main] INFO  factory.CucumberBaseClass - Clicked the close button
11:20:28.494 [main] INFO  factory.CucumberBaseClass - Scrolled till University checkbox
11:20:31.120 [main] INFO  factory.CucumberBaseClass - Successfully verified and printed all Levels
11:20:32.910 [main] INFO  factory.CucumberBaseClass - ***** Url has been Successfully Closed *****
11:20:48.483 [main] INFO  factory.CucumberBaseClass - ***** Url has been Successfully Opened *****
11:20:49.114 [main] INFO  factory.CucumberBaseClass - ****** Test Case Three Started Successfully *****
11:20:49.264 [main] INFO  factory.CucumberBaseClass - Driver is the Coursera Home Page
11:20:49.961 [main] INFO  factory.CucumberBaseClass - Scrolled till the bottom of the page
11:21:34.810 [main] INFO  factory.CucumberBaseClass - Clicked the For Enterprise option
11:21:35.681 [main] INFO  factory.CucumberBaseClass - Scrolled till bottom of the Page
11:22:07.161 [main] INFO  factory.CucumberBaseClass - Successfully clicked the What We Offer option
11:22:07.421 [main] INFO  factory.CucumberBaseClass - Scrolled till the Campus for Coursera
11:22:44.632 [main] INFO  factory.CucumberBaseClass - Successfully clicked the Learn More Link
11:22:45.572 [main] INFO  factory.CucumberBaseClass - Scrolled till the Sales Heading
11:22:48.690 [main] INFO  factory.CucumberBaseClass - Successfully entered the First Name
11:22:48.967 [main] INFO  factory.CucumberBaseClass - Successfully entered the Last Name
11:22:49.501 [main] INFO  factory.CucumberBaseClass - Successfully entered the Email Address
11:22:49.800 [main] INFO  factory.CucumberBaseClass - Successfully entered the Phone Number
11:22:53.763 [main] INFO  factory.CucumberBaseClass - Successfully selected the Institute Type
11:22:54.057 [main] INFO  factory.CucumberBaseClass - Successfully entered the Institute Name
11:22:55.914 [main] INFO  factory.CucumberBaseClass - Successfully selected the Job Role
11:23:02.787 [main] INFO  factory.CucumberBaseClass - Successfully selected the Department
11:23:14.126 [main] INFO  factory.CucumberBaseClass - Successfully selected the Describe
11:23:27.684 [main] INFO  factory.CucumberBaseClass - Successfully selected the Expected Learner
11:23:31.712 [main] INFO  factory.CucumberBaseClass - Successfully selected the Country
11:23:35.410 [main] INFO  factory.CucumberBaseClass - Successfully selected the State
11:23:38.150 [main] INFO  factory.CucumberBaseClass - Successfully Clicked the Submit button
11:23:38.418 [main] INFO  factory.CucumberBaseClass - Scrolled till the sales heading
11:24:10.163 [main] INFO  factory.CucumberBaseClass - ***** Url has been Successfully Closed *****
11:29:59.669 [main] INFO  factory.CucumberBaseClass - ***** Url has been Successfully Opened *****
11:30:00.776 [main] INFO  factory.CucumberBaseClass - Navigated to Coursera Home Page
11:30:06.945 [main] INFO  factory.CucumberBaseClass - Successfully entered Web Development course
11:30:17.809 [main] INFO  factory.CucumberBaseClass - Clicked the Search Button
11:30:18.575 [main] INFO  factory.CucumberBaseClass - Scrolled till the Subject checkbox
11:30:20.434 [main] INFO  factory.CucumberBaseClass - Successfully clicked the English Language
11:30:22.912 [main] INFO  factory.CucumberBaseClass - Scrolled till the Specific chechbox
11:30:24.225 [main] INFO  factory.CucumberBaseClass - Successfully clicked the Beginner level
11:30:24.629 [main] INFO  factory.CucumberBaseClass - Scrolled till the Filter Heading
11:30:27.470 [main] INFO  factory.CucumberBaseClass - Successfully verified and Clicked Course one
11:30:28.478 [main] INFO  factory.CucumberBaseClass - Navigated to the child page
11:30:39.067 [main] INFO  factory.CucumberBaseClass - Successfully verified Rating one
11:30:39.296 [main] INFO  factory.CucumberBaseClass - Successfully verified Duration One
11:30:39.468 [main] INFO  factory.CucumberBaseClass - Navigated to the parent page
11:30:40.770 [main] INFO  factory.CucumberBaseClass - Successfully verified the Second Course and Clicked it
11:30:41.685 [main] INFO  factory.CucumberBaseClass - Navigated to the child page
11:30:51.355 [main] INFO  factory.CucumberBaseClass - Scrolled till the Financial Heading
11:30:51.904 [main] INFO  factory.CucumberBaseClass - Successfully verified the Rating Two
11:30:52.185 [main] INFO  factory.CucumberBaseClass - Successfully verified the Duration Two
11:30:52.483 [main] INFO  factory.CucumberBaseClass - Navigated to the Parent page
11:30:54.705 [main] INFO  factory.CucumberBaseClass - ***** Url has been Successfully Closed *****
11:31:16.617 [main] INFO  factory.CucumberBaseClass - ***** Url has been Successfully Opened *****
11:31:20.103 [main] INFO  factory.CucumberBaseClass - ***** Test Case Two Started successfully *****
11:31:31.000 [main] INFO  factory.CucumberBaseClass - New Course Name has been entered in the SearchBox
11:31:31.585 [main] INFO  factory.CucumberBaseClass - Successfully clicked the Search Button
11:31:32.789 [main] INFO  factory.CucumberBaseClass - Scrolled till the Science checkbox
11:31:33.421 [main] INFO  factory.CucumberBaseClass - Successfully clicked the Show More option in Languages
11:31:34.800 [main] INFO  factory.CucumberBaseClass - UnCheched the English checkbox
11:31:40.176 [main] INFO  factory.CucumberBaseClass - Successfully verified and print all the Languages
11:31:40.574 [main] INFO  factory.CucumberBaseClass - Clicked the close button
11:31:41.598 [main] INFO  factory.CucumberBaseClass - Scrolled till University checkbox
11:31:44.441 [main] INFO  factory.CucumberBaseClass - Successfully verified and printed all Levels
11:31:46.293 [main] INFO  factory.CucumberBaseClass - ***** Url has been Successfully Closed *****
11:32:12.651 [main] INFO  factory.CucumberBaseClass - ***** Url has been Successfully Opened *****
11:32:13.634 [main] INFO  factory.CucumberBaseClass - ****** Test Case Three Started Successfully *****
11:32:14.069 [main] INFO  factory.CucumberBaseClass - Driver is the Coursera Home Page
11:32:15.039 [main] INFO  factory.CucumberBaseClass - Scrolled till the bottom of the page
11:32:31.005 [main] INFO  factory.CucumberBaseClass - Clicked the For Enterprise option
11:32:32.495 [main] INFO  factory.CucumberBaseClass - Scrolled till bottom of the Page
11:32:41.039 [main] INFO  factory.CucumberBaseClass - Successfully clicked the What We Offer option
11:32:41.399 [main] INFO  factory.CucumberBaseClass - Scrolled till the Campus for Coursera
11:32:49.179 [main] INFO  factory.CucumberBaseClass - Successfully clicked the Learn More Link
11:32:51.131 [main] INFO  factory.CucumberBaseClass - Scrolled till the Sales Heading
11:32:52.042 [main] INFO  factory.CucumberBaseClass - Successfully entered the First Name
11:32:52.556 [main] INFO  factory.CucumberBaseClass - Successfully entered the Last Name
11:32:53.305 [main] INFO  factory.CucumberBaseClass - Successfully entered the Email Address
11:32:53.757 [main] INFO  factory.CucumberBaseClass - Successfully entered the Phone Number
11:32:54.615 [main] INFO  factory.CucumberBaseClass - Successfully selected the Institute Type
11:32:55.073 [main] INFO  factory.CucumberBaseClass - Successfully entered the Institute Name
11:32:55.878 [main] INFO  factory.CucumberBaseClass - Successfully selected the Job Role
11:32:56.391 [main] INFO  factory.CucumberBaseClass - Successfully selected the Department
11:32:57.104 [main] INFO  factory.CucumberBaseClass - Successfully selected the Describe
11:32:57.541 [main] INFO  factory.CucumberBaseClass - Successfully selected the Expected Learner
11:32:58.511 [main] INFO  factory.CucumberBaseClass - Successfully selected the Country
11:32:59.032 [main] INFO  factory.CucumberBaseClass - Successfully selected the State
11:32:59.601 [main] INFO  factory.CucumberBaseClass - Successfully Clicked the Submit button
11:32:59.741 [main] INFO  factory.CucumberBaseClass - Scrolled till the sales heading
11:33:02.539 [main] INFO  factory.CucumberBaseClass - Successfully verified the Invalid Email message
11:33:02.540 [main] INFO  factory.CucumberBaseClass - ***** Test Case Three Finished Successfully *****
11:33:04.675 [main] INFO  factory.CucumberBaseClass - ***** Url has been Successfully Closed *****
10:08:22.333 [main] INFO  testCases.TC_001_WebDevelopmentTest - **** Starting TC_001_WebDevelopmentTest ****
10:08:25.183 [main] INFO  testCases.TC_001_WebDevelopmentTest - Course Name Sent Successfully
10:08:32.498 [main] INFO  testCases.TC_001_WebDevelopmentTest - Clicked on Search Button
10:08:33.163 [main] INFO  testCases.TC_001_WebDevelopmentTest - Scrolled Till Subject
10:08:33.981 [main] INFO  testCases.TC_001_WebDevelopmentTest - Clicked English Language
10:08:35.331 [main] INFO  testCases.TC_001_WebDevelopmentTest - Scrolled Till Specific
10:08:36.209 [main] INFO  testCases.TC_001_WebDevelopmentTest - Clicked Begginer CheckBox
10:08:36.566 [main] INFO  testCases.TC_001_WebDevelopmentTest - Scrolled Till Filter
10:08:38.508 [main] INFO  testCases.TC_001_WebDevelopmentTest - Course One is Clicked and Successfully Printed
10:08:39.352 [main] INFO  testCases.TC_001_WebDevelopmentTest - Switched To First Course Name
10:08:48.058 [main] INFO  testCases.TC_001_WebDevelopmentTest - Successfully Printed Rating of Course One
10:08:48.241 [main] INFO  testCases.TC_001_WebDevelopmentTest - Successfully Printed Duration of Course One
10:08:48.335 [main] INFO  testCases.TC_001_WebDevelopmentTest - Switched To Parent Page
10:08:49.457 [main] INFO  testCases.TC_001_WebDevelopmentTest - Course One is Clicked and Successfully Printed
10:08:50.280 [main] INFO  testCases.TC_001_WebDevelopmentTest - Switched To The Second Course Page
10:08:58.151 [main] INFO  testCases.TC_001_WebDevelopmentTest - Scrolled till Financial
10:08:58.390 [main] INFO  testCases.TC_001_WebDevelopmentTest - Successfully Printed Rating of Course Two
10:08:58.707 [main] INFO  testCases.TC_001_WebDevelopmentTest - Successfully Printed Duration of Course Two
10:08:58.824 [main] INFO  testCases.TC_001_WebDevelopmentTest - Switched To The Parent Page
10:08:58.824 [main] INFO  testCases.TC_001_WebDevelopmentTest - **** Finishing TC_001_WebDevelopmentTest ****
10:08:59.395 [main] INFO  testCases.TC_001_WebDevelopmentTest - **** Starting TC_002_LanguageLearningTest ****
10:09:01.055 [main] INFO  testCases.TC_001_WebDevelopmentTest - Successfully Cleared The Course Name And Entered New Course
10:09:01.624 [main] INFO  testCases.TC_001_WebDevelopmentTest - Clicked Search Button
10:09:02.759 [main] INFO  testCases.TC_001_WebDevelopmentTest - Scrolled Till Science
10:09:03.226 [main] INFO  testCases.TC_001_WebDevelopmentTest - Clicked Show More in Language CheckBox
10:09:04.100 [main] INFO  testCases.TC_001_WebDevelopmentTest - Unclicking The English Language
10:09:08.480 [main] INFO  testCases.TC_001_WebDevelopmentTest - Successfully Printing Total
10:09:08.810 [main] INFO  testCases.TC_001_WebDevelopmentTest - Clicked Close Button in All Language Box
10:09:09.536 [main] INFO  testCases.TC_001_WebDevelopmentTest - Scrolled Till University CheckBox
10:09:11.901 [main] INFO  testCases.TC_001_WebDevelopmentTest - Successfully Printed All The Levels
10:09:11.902 [main] INFO  testCases.TC_001_WebDevelopmentTest - **** Finished TC_002_LanguageLearningTest ****
10:09:12.472 [main] INFO  testCases.TC_001_WebDevelopmentTest - **** Starting TC_003_ForEnterpriseTest ****
10:09:20.943 [main] INFO  testCases.TC_001_WebDevelopmentTest - Clicking the Title Icon To naviage Back
10:09:21.482 [main] INFO  testCases.TC_001_WebDevelopmentTest - Scrolling Till the Bottom of the Page
10:09:32.993 [main] INFO  testCases.TC_001_WebDevelopmentTest - Clicking the ForEnterPrise Link
10:09:33.890 [main] INFO  testCases.TC_001_WebDevelopmentTest - Scrolling Till More in the Bottom
10:09:38.896 [main] INFO  testCases.TC_001_WebDevelopmentTest - Clicked What We Offer Link
10:09:39.275 [main] INFO  testCases.TC_001_WebDevelopmentTest - Scrolled Till the Coursera for Campus
10:09:45.103 [main] INFO  testCases.TC_001_WebDevelopmentTest - Clicked Learn More Link
10:09:46.318 [main] INFO  testCases.TC_001_WebDevelopmentTest - Scrolling Till the Haeding beside The Input Box
10:09:46.795 [main] INFO  testCases.TC_001_WebDevelopmentTest - FirstName is Entered Successfully
10:09:47.156 [main] INFO  testCases.TC_001_WebDevelopmentTest - LastName is Entered Successfully
10:09:47.807 [main] INFO  testCases.TC_001_WebDevelopmentTest - Email is Entered Successfully
10:09:48.364 [main] INFO  testCases.TC_001_WebDevelopmentTest - Phone Number is Entered Successfully
10:09:49.154 [main] INFO  testCases.TC_001_WebDevelopmentTest - Institute Type is Selected Successfully
10:09:49.459 [main] INFO  testCases.TC_001_WebDevelopmentTest - Institute Name is Entered Successfully
10:09:50.079 [main] INFO  testCases.TC_001_WebDevelopmentTest - Job Role is Selected Successfully
10:09:50.833 [main] INFO  testCases.TC_001_WebDevelopmentTest - Department is Selected Successfully
10:09:51.203 [main] INFO  testCases.TC_001_WebDevelopmentTest - Describe is Selected Successfully
10:09:51.646 [main] INFO  testCases.TC_001_WebDevelopmentTest - Expected Learner is Selected Successfully
10:09:52.472 [main] INFO  testCases.TC_001_WebDevelopmentTest - Country is Selected Successfully
10:09:52.822 [main] INFO  testCases.TC_001_WebDevelopmentTest - State is Selected Successfully
10:09:53.280 [main] INFO  testCases.TC_001_WebDevelopmentTest - Submit Button is Clicked Successfully
10:09:54.100 [main] INFO  testCases.TC_001_WebDevelopmentTest - Scrolled Till The Heading Beside of Input Boxes
10:09:56.331 [main] INFO  testCases.TC_001_WebDevelopmentTest - Successfully Printed Message of Invalid Email Address
10:09:56.331 [main] INFO  testCases.TC_001_WebDevelopmentTest - **** Finishing TC_003_ForEnterpriseTest ****
10:18:14.083 [main] INFO  factory.CucumberBaseClass - ***** Url has been Successfully Opened *****
10:18:14.653 [main] INFO  factory.CucumberBaseClass - Navigated to Coursera Home Page
10:18:17.647 [main] INFO  factory.CucumberBaseClass - Successfully entered Web Development course
10:18:26.384 [main] INFO  factory.CucumberBaseClass - Clicked the Search Button
10:18:26.941 [main] INFO  factory.CucumberBaseClass - Scrolled till the Subject checkbox
10:18:27.664 [main] INFO  factory.CucumberBaseClass - Successfully clicked the English Language
10:18:30.092 [main] INFO  factory.CucumberBaseClass - Scrolled till the Specific chechbox
10:18:31.343 [main] INFO  factory.CucumberBaseClass - Successfully clicked the Beginner level
10:18:32.004 [main] INFO  factory.CucumberBaseClass - Scrolled till the Filter Heading
10:18:34.404 [main] INFO  factory.CucumberBaseClass - Successfully verified and Clicked Course one
10:18:35.434 [main] INFO  factory.CucumberBaseClass - Navigated to the child page
10:18:42.007 [main] INFO  factory.CucumberBaseClass - Successfully verified Rating one
10:18:42.198 [main] INFO  factory.CucumberBaseClass - Successfully verified Duration One
10:18:42.320 [main] INFO  factory.CucumberBaseClass - Navigated to the parent page
10:18:43.440 [main] INFO  factory.CucumberBaseClass - Successfully verified the Second Course and Clicked it
10:18:45.134 [main] INFO  factory.CucumberBaseClass - Navigated to the child page
10:18:52.732 [main] INFO  factory.CucumberBaseClass - Scrolled till the Financial Heading
10:18:52.900 [main] INFO  factory.CucumberBaseClass - Successfully verified the Rating Two
10:18:53.617 [main] INFO  factory.CucumberBaseClass - Successfully verified the Duration Two
10:18:54.063 [main] INFO  factory.CucumberBaseClass - Navigated to the Parent page
10:18:56.690 [main] INFO  factory.CucumberBaseClass - ***** Url has been Successfully Closed *****
10:20:45.602 [main] INFO  factory.CucumberBaseClass - ***** Url has been Successfully Opened *****
10:20:46.140 [main] INFO  factory.CucumberBaseClass - Navigated to Coursera Home Page
10:20:49.598 [main] INFO  factory.CucumberBaseClass - Successfully entered Web Development course
10:20:56.340 [main] INFO  factory.CucumberBaseClass - Clicked the Search Button
10:20:56.782 [main] INFO  factory.CucumberBaseClass - Scrolled till the Subject checkbox
10:20:57.376 [main] INFO  factory.CucumberBaseClass - Successfully clicked the English Language
10:20:59.394 [main] INFO  factory.CucumberBaseClass - Scrolled till the Specific chechbox
10:21:00.656 [main] INFO  factory.CucumberBaseClass - Successfully clicked the Beginner level
10:21:02.388 [main] INFO  factory.CucumberBaseClass - Scrolled till the Filter Heading
10:21:03.762 [main] INFO  factory.CucumberBaseClass - Successfully verified and Clicked Course one
10:21:04.705 [main] INFO  factory.CucumberBaseClass - Navigated to the child page
10:21:11.864 [main] INFO  factory.CucumberBaseClass - Successfully verified Rating one
10:21:12.178 [main] INFO  factory.CucumberBaseClass - Successfully verified Duration One
10:21:12.440 [main] INFO  factory.CucumberBaseClass - Navigated to the parent page
10:21:14.949 [main] INFO  factory.CucumberBaseClass - Successfully verified the Second Course and Clicked it
10:21:16.205 [main] INFO  factory.CucumberBaseClass - Navigated to the child page
10:21:24.372 [main] INFO  factory.CucumberBaseClass - Scrolled till the Financial Heading
10:21:24.550 [main] INFO  factory.CucumberBaseClass - Successfully verified the Rating Two
10:21:24.954 [main] INFO  factory.CucumberBaseClass - Successfully verified the Duration Two
10:21:25.126 [main] INFO  factory.CucumberBaseClass - Navigated to the Parent page
10:21:27.192 [main] INFO  factory.CucumberBaseClass - ***** Url has been Successfully Closed *****
10:23:57.752 [main] INFO  testCases.TC_001_WebDevelopmentTest - **** Starting TC_001_WebDevelopmentTest ****
10:24:00.100 [main] INFO  testCases.TC_001_WebDevelopmentTest - Course Name Sent Successfully
10:24:06.579 [main] INFO  testCases.TC_001_WebDevelopmentTest - Clicked on Search Button
10:24:07.928 [main] INFO  testCases.TC_001_WebDevelopmentTest - Scrolled Till Subject
10:24:08.601 [main] INFO  testCases.TC_001_WebDevelopmentTest - Clicked English Language
10:24:08.857 [main] INFO  testCases.TC_001_WebDevelopmentTest - Scrolled Till Specific
10:24:09.456 [main] INFO  testCases.TC_001_WebDevelopmentTest - Clicked Begginer CheckBox
10:24:09.787 [main] INFO  testCases.TC_001_WebDevelopmentTest - Scrolled Till Filter
10:24:11.556 [main] INFO  testCases.TC_001_WebDevelopmentTest - Course One is Clicked and Successfully Printed
10:24:12.617 [main] INFO  testCases.TC_001_WebDevelopmentTest - Switched To First Course Name
10:24:19.867 [main] INFO  testCases.TC_001_WebDevelopmentTest - Successfully Printed Rating of Course One
10:24:20.161 [main] INFO  testCases.TC_001_WebDevelopmentTest - Successfully Printed Duration of Course One
10:24:20.289 [main] INFO  testCases.TC_001_WebDevelopmentTest - Switched To Parent Page
10:24:21.400 [main] INFO  testCases.TC_001_WebDevelopmentTest - Course One is Clicked and Successfully Printed
10:24:22.423 [main] INFO  testCases.TC_001_WebDevelopmentTest - Switched To The Second Course Page
10:24:29.531 [main] INFO  testCases.TC_001_WebDevelopmentTest - Scrolled till Financial
10:24:29.844 [main] INFO  testCases.TC_001_WebDevelopmentTest - Successfully Printed Rating of Course Two
10:24:31.007 [main] INFO  testCases.TC_001_WebDevelopmentTest - Successfully Printed Duration of Course Two
10:24:31.180 [main] INFO  testCases.TC_001_WebDevelopmentTest - Switched To The Parent Page
10:24:31.181 [main] INFO  testCases.TC_001_WebDevelopmentTest - **** Finishing TC_001_WebDevelopmentTest ****
10:24:32.019 [main] INFO  testCases.TC_001_WebDevelopmentTest - **** Starting TC_002_LanguageLearningTest ****
10:24:34.194 [main] INFO  testCases.TC_001_WebDevelopmentTest - Successfully Cleared The Course Name And Entered New Course
10:24:34.742 [main] INFO  testCases.TC_001_WebDevelopmentTest - Clicked Search Button
10:24:36.247 [main] INFO  testCases.TC_001_WebDevelopmentTest - Scrolled Till Science
10:24:36.724 [main] INFO  testCases.TC_001_WebDevelopmentTest - Clicked Show More in Language CheckBox
10:24:38.022 [main] INFO  testCases.TC_001_WebDevelopmentTest - Unclicking The English Language
10:24:46.984 [main] INFO  testCases.TC_001_WebDevelopmentTest - Successfully Printing Total
10:24:47.268 [main] INFO  testCases.TC_001_WebDevelopmentTest - Clicked Close Button in All Language Box
10:24:48.258 [main] INFO  testCases.TC_001_WebDevelopmentTest - Scrolled Till University CheckBox
10:24:51.358 [main] INFO  testCases.TC_001_WebDevelopmentTest - Successfully Printed All The Levels
10:24:51.358 [main] INFO  testCases.TC_001_WebDevelopmentTest - **** Finished TC_002_LanguageLearningTest ****
10:24:51.915 [main] INFO  testCases.TC_001_WebDevelopmentTest - **** Starting TC_003_ForEnterpriseTest ****
10:25:02.372 [main] INFO  testCases.TC_001_WebDevelopmentTest - Clicking the Title Icon To naviage Back
10:25:03.204 [main] INFO  testCases.TC_001_WebDevelopmentTest - Scrolling Till the Bottom of the Page
10:25:15.732 [main] INFO  testCases.TC_001_WebDevelopmentTest - Clicking the ForEnterPrise Link
10:25:16.875 [main] INFO  testCases.TC_001_WebDevelopmentTest - Scrolling Till More in the Bottom
10:25:22.660 [main] INFO  testCases.TC_001_WebDevelopmentTest - Clicked What We Offer Link
10:25:23.027 [main] INFO  testCases.TC_001_WebDevelopmentTest - Scrolled Till the Coursera for Campus
10:25:28.774 [main] INFO  testCases.TC_001_WebDevelopmentTest - Clicked Learn More Link
10:25:30.151 [main] INFO  testCases.TC_001_WebDevelopmentTest - Scrolling Till the Haeding beside The Input Box
10:25:30.563 [main] INFO  testCases.TC_001_WebDevelopmentTest - FirstName is Entered Successfully
10:25:30.895 [main] INFO  testCases.TC_001_WebDevelopmentTest - LastName is Entered Successfully
10:25:31.483 [main] INFO  testCases.TC_001_WebDevelopmentTest - Email is Entered Successfully
10:25:31.982 [main] INFO  testCases.TC_001_WebDevelopmentTest - Phone Number is Entered Successfully
10:25:32.631 [main] INFO  testCases.TC_001_WebDevelopmentTest - Institute Type is Selected Successfully
10:25:32.861 [main] INFO  testCases.TC_001_WebDevelopmentTest - Institute Name is Entered Successfully
10:25:33.424 [main] INFO  testCases.TC_001_WebDevelopmentTest - Job Role is Selected Successfully
10:25:34.105 [main] INFO  testCases.TC_001_WebDevelopmentTest - Department is Selected Successfully
10:25:34.531 [main] INFO  testCases.TC_001_WebDevelopmentTest - Describe is Selected Successfully
10:25:35.004 [main] INFO  testCases.TC_001_WebDevelopmentTest - Expected Learner is Selected Successfully
10:25:35.800 [main] INFO  testCases.TC_001_WebDevelopmentTest - Country is Selected Successfully
10:25:36.220 [main] INFO  testCases.TC_001_WebDevelopmentTest - State is Selected Successfully
10:25:36.691 [main] INFO  testCases.TC_001_WebDevelopmentTest - Submit Button is Clicked Successfully
10:25:37.568 [main] INFO  testCases.TC_001_WebDevelopmentTest - Scrolled Till The Heading Beside of Input Boxes
10:25:40.353 [main] INFO  testCases.TC_001_WebDevelopmentTest - Successfully Printed Message of Invalid Email Address
10:25:40.353 [main] INFO  testCases.TC_001_WebDevelopmentTest - **** Finishing TC_003_ForEnterpriseTest ****
12:10:56.627 [main] INFO  testCases.TC_001_WebDevelopmentTest - **** Starting TC_001_WebDevelopmentTest ****
12:10:59.079 [main] INFO  testCases.TC_001_WebDevelopmentTest - Course Name Sent Successfully
12:11:07.846 [main] INFO  testCases.TC_001_WebDevelopmentTest - Clicked on Search Button
12:11:07.944 [main] INFO  testCases.TC_001_WebDevelopmentTest - Scrolled Till Subject
12:11:08.425 [main] INFO  testCases.TC_001_WebDevelopmentTest - Clicked English Language
12:11:08.574 [main] INFO  testCases.TC_001_WebDevelopmentTest - Scrolled Till Specific
12:11:08.901 [main] INFO  testCases.TC_001_WebDevelopmentTest - Clicked Begginer CheckBox
12:11:10.473 [main] INFO  testCases.TC_001_WebDevelopmentTest - Scrolled Till Filter
12:11:11.422 [main] INFO  testCases.TC_001_WebDevelopmentTest - Course One is Clicked and Successfully Printed
12:11:11.534 [main] INFO  testCases.TC_001_WebDevelopmentTest - Switched To First Course Name
12:11:19.939 [main] INFO  testCases.TC_001_WebDevelopmentTest - Successfully Printed Rating of Course One
12:11:20.140 [main] INFO  testCases.TC_001_WebDevelopmentTest - Successfully Printed Duration of Course One
12:11:20.259 [main] INFO  testCases.TC_001_WebDevelopmentTest - Switched To Parent Page
12:11:20.778 [main] INFO  testCases.TC_001_WebDevelopmentTest - Course One is Clicked and Successfully Printed
12:11:21.297 [main] INFO  testCases.TC_001_WebDevelopmentTest - Switched To The Second Course Page
12:11:28.521 [main] INFO  testCases.TC_001_WebDevelopmentTest - Scrolled till Financial
12:11:28.707 [main] INFO  testCases.TC_001_WebDevelopmentTest - Successfully Printed Rating of Course Two
12:11:29.012 [main] INFO  testCases.TC_001_WebDevelopmentTest - Successfully Printed Duration of Course Two
12:11:29.344 [main] INFO  testCases.TC_001_WebDevelopmentTest - Switched To The Parent Page
12:11:29.344 [main] INFO  testCases.TC_001_WebDevelopmentTest - **** Finishing TC_001_WebDevelopmentTest ****
12:11:29.354 [main] INFO  testCases.TC_001_WebDevelopmentTest - **** Starting TC_002_LanguageLearningTest ****
12:11:30.894 [main] INFO  testCases.TC_001_WebDevelopmentTest - Successfully Cleared The Course Name And Entered New Course
12:11:31.365 [main] INFO  testCases.TC_001_WebDevelopmentTest - Clicked Search Button
12:11:31.483 [main] INFO  testCases.TC_001_WebDevelopmentTest - Scrolled Till Science
12:11:32.060 [main] INFO  testCases.TC_001_WebDevelopmentTest - Clicked Show More in Language CheckBox
12:11:34.055 [main] INFO  testCases.TC_001_WebDevelopmentTest - Unclicking The English Language
12:11:37.655 [main] INFO  testCases.TC_001_WebDevelopmentTest - Successfully Printing Total
12:11:37.839 [main] INFO  testCases.TC_001_WebDevelopmentTest - Clicked Close Button in All Language Box
12:11:37.924 [main] INFO  testCases.TC_001_WebDevelopmentTest - Scrolled Till University CheckBox
12:11:39.008 [main] INFO  testCases.TC_001_WebDevelopmentTest - Successfully Printed All The Levels
12:11:39.009 [main] INFO  testCases.TC_001_WebDevelopmentTest - **** Finished TC_002_LanguageLearningTest ****
12:11:39.013 [main] INFO  testCases.TC_001_WebDevelopmentTest - **** Starting TC_003_ForEnterpriseTest ****
12:11:48.509 [main] INFO  testCases.TC_001_WebDevelopmentTest - Clicking the Title Icon To naviage Back
12:11:48.761 [main] INFO  testCases.TC_001_WebDevelopmentTest - Scrolling Till the Bottom of the Page
12:11:59.686 [main] INFO  testCases.TC_001_WebDevelopmentTest - Clicking the ForEnterPrise Link
12:11:59.855 [main] INFO  testCases.TC_001_WebDevelopmentTest - Scrolling Till More in the Bottom
12:12:05.220 [main] INFO  testCases.TC_001_WebDevelopmentTest - Clicked What We Offer Link
12:12:05.327 [main] INFO  testCases.TC_001_WebDevelopmentTest - Scrolled Till the Coursera for Campus
12:12:12.293 [main] INFO  testCases.TC_001_WebDevelopmentTest - Clicked Learn More Link
12:12:12.445 [main] INFO  testCases.TC_001_WebDevelopmentTest - Scrolling Till the Haeding beside The Input Box
12:12:13.429 [main] INFO  testCases.TC_001_WebDevelopmentTest - FirstName is Entered Successfully
12:12:13.722 [main] INFO  testCases.TC_001_WebDevelopmentTest - LastName is Entered Successfully
12:12:14.171 [main] INFO  testCases.TC_001_WebDevelopmentTest - Email is Entered Successfully
12:12:14.591 [main] INFO  testCases.TC_001_WebDevelopmentTest - Phone Number is Entered Successfully
12:12:15.012 [main] INFO  testCases.TC_001_WebDevelopmentTest - Institute Type is Selected Successfully
12:12:15.245 [main] INFO  testCases.TC_001_WebDevelopmentTest - Institute Name is Entered Successfully
12:12:15.604 [main] INFO  testCases.TC_001_WebDevelopmentTest - Job Role is Selected Successfully
12:12:15.957 [main] INFO  testCases.TC_001_WebDevelopmentTest - Department is Selected Successfully
12:12:16.304 [main] INFO  testCases.TC_001_WebDevelopmentTest - Describe is Selected Successfully
12:12:16.624 [main] INFO  testCases.TC_001_WebDevelopmentTest - Expected Learner is Selected Successfully
12:12:16.958 [main] INFO  testCases.TC_001_WebDevelopmentTest - Country is Selected Successfully
12:12:17.357 [main] INFO  testCases.TC_001_WebDevelopmentTest - State is Selected Successfully
12:12:17.552 [main] INFO  testCases.TC_001_WebDevelopmentTest - Submit Button is Clicked Successfully
12:12:18.189 [main] INFO  testCases.TC_001_WebDevelopmentTest - Scrolled Till The Heading Beside of Input Boxes
12:12:20.712 [main] INFO  testCases.TC_001_WebDevelopmentTest - Successfully Printed Message of Invalid Email Address
12:12:20.712 [main] INFO  testCases.TC_001_WebDevelopmentTest - **** Finishing TC_003_ForEnterpriseTest ****
12:12:48.825 [main] INFO  testCases.TC_001_WebDevelopmentTest - **** Starting TC_001_WebDevelopmentTest ****
12:12:49.560 [main] INFO  testCases.TC_001_WebDevelopmentTest - Course Name Sent Successfully
12:12:59.756 [main] INFO  testCases.TC_001_WebDevelopmentTest - Clicked on Search Button
12:12:59.797 [main] INFO  testCases.TC_001_WebDevelopmentTest - Scrolled Till Subject
12:13:00.267 [main] INFO  testCases.TC_001_WebDevelopmentTest - Clicked English Language
12:13:00.392 [main] INFO  testCases.TC_001_WebDevelopmentTest - Scrolled Till Specific
12:13:00.668 [main] INFO  testCases.TC_001_WebDevelopmentTest - Clicked Begginer CheckBox
12:13:00.740 [main] INFO  testCases.TC_001_WebDevelopmentTest - Scrolled Till Filter
12:13:02.962 [main] INFO  testCases.TC_001_WebDevelopmentTest - Course One is Clicked and Successfully Printed
12:13:03.033 [main] INFO  testCases.TC_001_WebDevelopmentTest - Switched To First Course Name
12:13:10.374 [main] INFO  testCases.TC_001_WebDevelopmentTest - Successfully Printed Rating of Course One
12:13:10.488 [main] INFO  testCases.TC_001_WebDevelopmentTest - Successfully Printed Duration of Course One
12:13:10.705 [main] INFO  testCases.TC_001_WebDevelopmentTest - Switched To Parent Page
12:13:11.184 [main] INFO  testCases.TC_001_WebDevelopmentTest - Course One is Clicked and Successfully Printed
12:13:11.260 [main] INFO  testCases.TC_001_WebDevelopmentTest - Switched To The Second Course Page
12:13:17.493 [main] INFO  testCases.TC_001_WebDevelopmentTest - Scrolled till Financial
12:13:17.653 [main] INFO  testCases.TC_001_WebDevelopmentTest - Successfully Printed Rating of Course Two
12:13:17.884 [main] INFO  testCases.TC_001_WebDevelopmentTest - Successfully Printed Duration of Course Two
12:13:18.218 [main] INFO  testCases.TC_001_WebDevelopmentTest - Switched To The Parent Page
12:13:18.219 [main] INFO  testCases.TC_001_WebDevelopmentTest - **** Finishing TC_001_WebDevelopmentTest ****
12:13:18.226 [main] INFO  testCases.TC_001_WebDevelopmentTest - **** Starting TC_002_LanguageLearningTest ****
12:13:20.043 [main] INFO  testCases.TC_001_WebDevelopmentTest - Successfully Cleared The Course Name And Entered New Course
12:13:20.403 [main] INFO  testCases.TC_001_WebDevelopmentTest - Clicked Search Button
12:13:20.603 [main] INFO  testCases.TC_001_WebDevelopmentTest - Scrolled Till Science
12:13:21.668 [main] INFO  testCases.TC_001_WebDevelopmentTest - Clicked Show More in Language CheckBox
12:13:22.203 [main] INFO  testCases.TC_001_WebDevelopmentTest - Unclicking The English Language
12:13:25.432 [main] INFO  testCases.TC_001_WebDevelopmentTest - Successfully Printing Total
12:13:25.803 [main] INFO  testCases.TC_001_WebDevelopmentTest - Clicked Close Button in All Language Box
12:13:25.988 [main] INFO  testCases.TC_001_WebDevelopmentTest - Scrolled Till University CheckBox
12:13:26.805 [main] INFO  testCases.TC_001_WebDevelopmentTest - Successfully Printed All The Levels
12:13:26.806 [main] INFO  testCases.TC_001_WebDevelopmentTest - **** Finished TC_002_LanguageLearningTest ****
12:13:26.809 [main] INFO  testCases.TC_001_WebDevelopmentTest - **** Starting TC_003_ForEnterpriseTest ****
12:13:33.624 [main] INFO  testCases.TC_001_WebDevelopmentTest - Clicking the Title Icon To naviage Back
12:13:34.083 [main] INFO  testCases.TC_001_WebDevelopmentTest - Scrolling Till the Bottom of the Page
12:13:45.181 [main] INFO  testCases.TC_001_WebDevelopmentTest - Clicking the ForEnterPrise Link
12:13:45.776 [main] INFO  testCases.TC_001_WebDevelopmentTest - Scrolling Till More in the Bottom
12:13:51.367 [main] INFO  testCases.TC_001_WebDevelopmentTest - Clicked What We Offer Link
12:13:51.475 [main] INFO  testCases.TC_001_WebDevelopmentTest - Scrolled Till the Coursera for Campus
12:13:56.793 [main] INFO  testCases.TC_001_WebDevelopmentTest - Clicked Learn More Link
12:13:56.953 [main] INFO  testCases.TC_001_WebDevelopmentTest - Scrolling Till the Haeding beside The Input Box
12:13:58.879 [main] INFO  testCases.TC_001_WebDevelopmentTest - FirstName is Entered Successfully
12:13:59.285 [main] INFO  testCases.TC_001_WebDevelopmentTest - LastName is Entered Successfully
12:13:59.604 [main] INFO  testCases.TC_001_WebDevelopmentTest - Email is Entered Successfully
12:13:59.982 [main] INFO  testCases.TC_001_WebDevelopmentTest - Phone Number is Entered Successfully
12:14:00.413 [main] INFO  testCases.TC_001_WebDevelopmentTest - Institute Type is Selected Successfully
12:14:00.699 [main] INFO  testCases.TC_001_WebDevelopmentTest - Institute Name is Entered Successfully
12:14:01.066 [main] INFO  testCases.TC_001_WebDevelopmentTest - Job Role is Selected Successfully
12:14:01.492 [main] INFO  testCases.TC_001_WebDevelopmentTest - Department is Selected Successfully
12:14:02.364 [main] INFO  testCases.TC_001_WebDevelopmentTest - Describe is Selected Successfully
12:14:02.689 [main] INFO  testCases.TC_001_WebDevelopmentTest - Expected Learner is Selected Successfully
12:14:03.168 [main] INFO  testCases.TC_001_WebDevelopmentTest - Country is Selected Successfully
12:14:03.624 [main] INFO  testCases.TC_001_WebDevelopmentTest - State is Selected Successfully
12:14:03.830 [main] INFO  testCases.TC_001_WebDevelopmentTest - Submit Button is Clicked Successfully
12:14:03.923 [main] INFO  testCases.TC_001_WebDevelopmentTest - Scrolled Till The Heading Beside of Input Boxes
12:14:06.655 [main] INFO  testCases.TC_001_WebDevelopmentTest - Successfully Printed Message of Invalid Email Address
12:14:06.655 [main] INFO  testCases.TC_001_WebDevelopmentTest - **** Finishing TC_003_ForEnterpriseTest ****
12:15:30.293 [TestNG-tests-2] INFO  testCases.TC_001_WebDevelopmentTest - **** Starting TC_003_ForEnterpriseTest ****
12:15:30.421 [TestNG-tests-1] INFO  testCases.TC_001_WebDevelopmentTest - **** Starting TC_003_ForEnterpriseTest ****
12:15:31.937 [TestNG-tests-1] INFO  testCases.TC_001_WebDevelopmentTest - Clicking the Title Icon To naviage Back
12:15:31.952 [TestNG-tests-1] INFO  testCases.TC_001_WebDevelopmentTest - **** Starting TC_001_WebDevelopmentTest ****
12:15:33.497 [TestNG-tests-2] INFO  testCases.TC_001_WebDevelopmentTest - Clicking the Title Icon To naviage Back
12:15:33.503 [TestNG-tests-2] INFO  testCases.TC_001_WebDevelopmentTest - **** Starting TC_001_WebDevelopmentTest ****
12:15:35.936 [TestNG-tests-2] INFO  testCases.TC_001_WebDevelopmentTest - Course Name Sent Successfully
12:15:36.683 [TestNG-tests-1] INFO  testCases.TC_001_WebDevelopmentTest - Course Name Sent Successfully
12:15:44.875 [TestNG-tests-2] INFO  testCases.TC_001_WebDevelopmentTest - Clicked on Search Button
12:15:44.883 [TestNG-tests-2] INFO  testCases.TC_001_WebDevelopmentTest - **** Starting TC_002_LanguageLearningTest ****
12:15:44.936 [TestNG-tests-1] INFO  testCases.TC_001_WebDevelopmentTest - **** Starting TC_002_LanguageLearningTest ****
12:15:49.163 [TestNG-tests-2] INFO  testCases.TC_001_WebDevelopmentTest - Successfully Cleared The Course Name And Entered New Course
12:15:49.565 [TestNG-tests-1] INFO  testCases.TC_001_WebDevelopmentTest - Successfully Cleared The Course Name And Entered New Course
12:15:50.070 [TestNG-tests-2] INFO  testCases.TC_001_WebDevelopmentTest - Clicked Search Button
12:15:51.123 [TestNG-tests-1] INFO  testCases.TC_001_WebDevelopmentTest - Clicked Search Button
12:15:51.501 [TestNG-tests-2] INFO  testCases.TC_001_WebDevelopmentTest - Scrolling Till the Bottom of the Page
12:15:51.548 [TestNG-tests-1] INFO  testCases.TC_001_WebDevelopmentTest - Scrolling Till the Bottom of the Page
12:15:57.268 [TestNG-tests-2] INFO  testCases.TC_001_WebDevelopmentTest - Clicking the ForEnterPrise Link
12:15:58.042 [TestNG-tests-2] INFO  testCases.TC_001_WebDevelopmentTest - Scrolled Till Subject
12:15:58.062 [TestNG-tests-1] INFO  testCases.TC_001_WebDevelopmentTest - Scrolled Till Subject
12:06:00.874 [main] INFO  testCases.TC_001_WebDevelopmentTest - **** Starting TC_001_WebDevelopmentTest ****
12:06:04.612 [main] INFO  testCases.TC_001_WebDevelopmentTest - Course Name Sent Successfully
12:06:42.236 [main] INFO  testCases.TC_001_WebDevelopmentTest - Clicked on Search Button
12:06:44.349 [main] INFO  testCases.TC_001_WebDevelopmentTest - Scrolled Till Subject
12:06:45.600 [main] INFO  testCases.TC_001_WebDevelopmentTest - Clicked English Language
12:06:46.348 [main] INFO  testCases.TC_001_WebDevelopmentTest - Scrolled Till Specific
12:06:46.952 [main] INFO  testCases.TC_001_WebDevelopmentTest - Clicked Begginer CheckBox
12:06:47.655 [main] INFO  testCases.TC_001_WebDevelopmentTest - Scrolled Till Filter
12:06:49.751 [main] INFO  testCases.TC_001_WebDevelopmentTest - Course One is Clicked and Successfully Printed
12:06:50.815 [main] INFO  testCases.TC_001_WebDevelopmentTest - Switched To First Course Name
12:07:29.543 [main] INFO  testCases.TC_001_WebDevelopmentTest - Successfully Printed Rating of Course One
12:07:29.937 [main] INFO  testCases.TC_001_WebDevelopmentTest - Successfully Printed Duration of Course One
12:07:30.164 [main] INFO  testCases.TC_001_WebDevelopmentTest - Switched To Parent Page
12:07:31.610 [main] INFO  testCases.TC_001_WebDevelopmentTest - Course One is Clicked and Successfully Printed
12:07:34.979 [main] INFO  testCases.TC_001_WebDevelopmentTest - Switched To The Second Course Page
12:08:11.508 [main] INFO  testCases.TC_001_WebDevelopmentTest - Scrolled till Financial
12:08:11.744 [main] INFO  testCases.TC_001_WebDevelopmentTest - Successfully Printed Rating of Course Two
12:08:12.123 [main] INFO  testCases.TC_001_WebDevelopmentTest - Successfully Printed Duration of Course Two
12:08:12.291 [main] INFO  testCases.TC_001_WebDevelopmentTest - Switched To The Parent Page
12:08:12.292 [main] INFO  testCases.TC_001_WebDevelopmentTest - **** Finishing TC_001_WebDevelopmentTest ****
12:08:13.017 [main] INFO  testCases.TC_001_WebDevelopmentTest - **** Starting TC_002_LanguageLearningTest ****
12:08:15.059 [main] INFO  testCases.TC_001_WebDevelopmentTest - Successfully Cleared The Course Name And Entered New Course
12:08:15.678 [main] INFO  testCases.TC_001_WebDevelopmentTest - Clicked Search Button
12:08:16.204 [main] INFO  testCases.TC_001_WebDevelopmentTest - Scrolled Till Science
12:08:16.647 [main] INFO  testCases.TC_001_WebDevelopmentTest - Clicked Show More in Language CheckBox
12:08:18.658 [main] INFO  testCases.TC_001_WebDevelopmentTest - Unclicking The English Language
12:08:23.097 [main] INFO  testCases.TC_001_WebDevelopmentTest - Successfully Printing Total
12:08:23.298 [main] INFO  testCases.TC_001_WebDevelopmentTest - Clicked Close Button in All Language Box
12:08:23.764 [main] INFO  testCases.TC_001_WebDevelopmentTest - Scrolled Till University CheckBox
12:08:24.902 [main] INFO  testCases.TC_001_WebDevelopmentTest - Successfully Printed All The Levels
12:08:24.902 [main] INFO  testCases.TC_001_WebDevelopmentTest - **** Finished TC_002_LanguageLearningTest ****
12:08:25.420 [main] INFO  testCases.TC_001_WebDevelopmentTest - **** Starting TC_003_ForEnterpriseTest ****
12:09:01.674 [main] INFO  testCases.TC_001_WebDevelopmentTest - Clicking the Title Icon To naviage Back
12:09:02.337 [main] INFO  testCases.TC_001_WebDevelopmentTest - Scrolling Till the Bottom of the Page
12:10:04.446 [main] INFO  testCases.TC_001_WebDevelopmentTest - Clicking the ForEnterPrise Link
12:10:05.703 [main] INFO  testCases.TC_001_WebDevelopmentTest - Scrolling Till More in the Bottom
12:11:11.907 [main] INFO  testCases.TC_001_WebDevelopmentTest - Clicked What We Offer Link
12:11:12.297 [main] INFO  testCases.TC_001_WebDevelopmentTest - Scrolled Till the Coursera for Campus
12:11:53.141 [main] INFO  testCases.TC_001_WebDevelopmentTest - Clicked Learn More Link
12:11:54.250 [main] INFO  testCases.TC_001_WebDevelopmentTest - Scrolling Till the Haeding beside The Input Box
12:11:54.739 [main] INFO  testCases.TC_001_WebDevelopmentTest - FirstName is Entered Successfully
12:11:55.023 [main] INFO  testCases.TC_001_WebDevelopmentTest - LastName is Entered Successfully
12:11:55.690 [main] INFO  testCases.TC_001_WebDevelopmentTest - Email is Entered Successfully
12:11:56.239 [main] INFO  testCases.TC_001_WebDevelopmentTest - Phone Number is Entered Successfully
12:11:57.066 [main] INFO  testCases.TC_001_WebDevelopmentTest - Institute Type is Selected Successfully
12:11:57.352 [main] INFO  testCases.TC_001_WebDevelopmentTest - Institute Name is Entered Successfully
12:11:57.996 [main] INFO  testCases.TC_001_WebDevelopmentTest - Job Role is Selected Successfully
12:12:13.461 [main] INFO  testCases.TC_001_WebDevelopmentTest - Department is Selected Successfully
12:12:13.909 [main] INFO  testCases.TC_001_WebDevelopmentTest - Describe is Selected Successfully
12:12:14.268 [main] INFO  testCases.TC_001_WebDevelopmentTest - Expected Learner is Selected Successfully
12:12:14.993 [main] INFO  testCases.TC_001_WebDevelopmentTest - Country is Selected Successfully
12:12:15.350 [main] INFO  testCases.TC_001_WebDevelopmentTest - State is Selected Successfully
12:12:15.884 [main] INFO  testCases.TC_001_WebDevelopmentTest - Submit Button is Clicked Successfully
12:12:16.653 [main] INFO  testCases.TC_001_WebDevelopmentTest - Scrolled Till The Heading Beside of Input Boxes
12:12:20.458 [main] INFO  testCases.TC_001_WebDevelopmentTest - Successfully Printed Message of Invalid Email Address
12:12:20.459 [main] INFO  testCases.TC_001_WebDevelopmentTest - **** Finishing TC_003_ForEnterpriseTest ****
15:54:57.747 [main] INFO  testCases.TC_001_WebDevelopmentTest - **** Starting TC_001_WebDevelopmentTest ****
15:56:16.596 [main] INFO  testCases.TC_001_WebDevelopmentTest - **** Starting TC_002_LanguageLearningTest ****
15:56:16.914 [main] INFO  testCases.TC_001_WebDevelopmentTest - **** Starting TC_003_ForEnterpriseTest ****
15:57:12.022 [main] INFO  testCases.TC_001_WebDevelopmentTest - **** Starting TC_001_WebDevelopmentTest ****
15:57:14.438 [main] INFO  testCases.TC_001_WebDevelopmentTest - Course Name Sent Successfully
15:57:55.559 [main] INFO  testCases.TC_001_WebDevelopmentTest - Clicked on Search Button
15:57:56.005 [main] INFO  testCases.TC_001_WebDevelopmentTest - Scrolled Till Subject
15:57:56.920 [main] INFO  testCases.TC_001_WebDevelopmentTest - Clicked English Language
15:57:57.583 [main] INFO  testCases.TC_001_WebDevelopmentTest - Scrolled Till Specific
15:57:57.908 [main] INFO  testCases.TC_001_WebDevelopmentTest - Clicked Begginer CheckBox
15:57:58.151 [main] INFO  testCases.TC_001_WebDevelopmentTest - Scrolled Till Filter
15:58:00.648 [main] INFO  testCases.TC_001_WebDevelopmentTest - Course One is Clicked and Successfully Printed
15:58:01.452 [main] INFO  testCases.TC_001_WebDevelopmentTest - Switched To First Course Name
15:58:30.201 [main] INFO  testCases.TC_001_WebDevelopmentTest - Successfully Printed Rating of Course One
15:58:30.326 [main] INFO  testCases.TC_001_WebDevelopmentTest - Successfully Printed Duration of Course One
15:58:30.417 [main] INFO  testCases.TC_001_WebDevelopmentTest - Switched To Parent Page
15:58:31.338 [main] INFO  testCases.TC_001_WebDevelopmentTest - Course One is Clicked and Successfully Printed
15:58:32.130 [main] INFO  testCases.TC_001_WebDevelopmentTest - Switched To The Second Course Page
15:59:06.192 [main] INFO  testCases.TC_001_WebDevelopmentTest - Scrolled till Financial
15:59:06.360 [main] INFO  testCases.TC_001_WebDevelopmentTest - Successfully Printed Rating of Course Two
15:59:06.559 [main] INFO  testCases.TC_001_WebDevelopmentTest - Successfully Printed Duration of Course Two
15:59:06.693 [main] INFO  testCases.TC_001_WebDevelopmentTest - Switched To The Parent Page
15:59:06.693 [main] INFO  testCases.TC_001_WebDevelopmentTest - **** Finishing TC_001_WebDevelopmentTest ****
15:59:07.136 [main] INFO  testCases.TC_001_WebDevelopmentTest - **** Starting TC_002_LanguageLearningTest ****
15:59:08.384 [main] INFO  testCases.TC_001_WebDevelopmentTest - Successfully Cleared The Course Name And Entered New Course
15:59:08.766 [main] INFO  testCases.TC_001_WebDevelopmentTest - Clicked Search Button
15:59:09.654 [main] INFO  testCases.TC_001_WebDevelopmentTest - Scrolled Till Science
15:59:10.138 [main] INFO  testCases.TC_001_WebDevelopmentTest - Clicked Show More in Language CheckBox
15:59:11.012 [main] INFO  testCases.TC_001_WebDevelopmentTest - Unclicking The English Language
15:59:13.926 [main] INFO  testCases.TC_001_WebDevelopmentTest - Successfully Printing Total
15:59:14.160 [main] INFO  testCases.TC_001_WebDevelopmentTest - Clicked Close Button in All Language Box
15:59:14.694 [main] INFO  testCases.TC_001_WebDevelopmentTest - Scrolled Till University CheckBox
15:59:15.391 [main] INFO  testCases.TC_001_WebDevelopmentTest - Successfully Printed All The Levels
15:59:15.391 [main] INFO  testCases.TC_001_WebDevelopmentTest - **** Finished TC_002_LanguageLearningTest ****
15:59:15.761 [main] INFO  testCases.TC_001_WebDevelopmentTest - **** Starting TC_003_ForEnterpriseTest ****
15:59:50.848 [main] INFO  testCases.TC_001_WebDevelopmentTest - Clicking the Title Icon To naviage Back
15:59:51.326 [main] INFO  testCases.TC_001_WebDevelopmentTest - Scrolling Till the Bottom of the Page
16:01:10.687 [main] INFO  testCases.TC_001_WebDevelopmentTest - Clicking the ForEnterPrise Link
16:01:11.378 [main] INFO  testCases.TC_001_WebDevelopmentTest - Scrolling Till More in the Bottom
16:01:52.721 [main] INFO  testCases.TC_001_WebDevelopmentTest - Clicked What We Offer Link
16:01:53.029 [main] INFO  testCases.TC_001_WebDevelopmentTest - Scrolled Till the Coursera for Campus
16:02:57.862 [main] INFO  testCases.TC_001_WebDevelopmentTest - Clicked Learn More Link
16:02:58.567 [main] INFO  testCases.TC_001_WebDevelopmentTest - Scrolling Till the Haeding beside The Input Box
